<?xml version="1.0" encoding="UTF-8" ?>
<testsuite tests="17" failures="0" name="org.jsoup.select.CssTest" time="0.016" errors="0" skipped="0">
  <properties>
    <property name="java.runtime.name" value="Java(TM) SE Runtime Environment"/>
    <property name="sun.boot.library.path" value="C:\Program Files\Java\jdk1.8.0_131\jre\bin"/>
    <property name="java.vm.version" value="25.131-b11"/>
    <property name="java.vm.vendor" value="Oracle Corporation"/>
    <property name="maven.multiModuleProjectDirectory" value="C:\Users\HyeonHo\Desktop\jsoup-master"/>
    <property name="java.vendor.url" value="http://java.oracle.com/"/>
    <property name="path.separator" value=";"/>
    <property name="guice.disable.misplaced.annotation.check" value="true"/>
    <property name="java.vm.name" value="Java HotSpot(TM) 64-Bit Server VM"/>
    <property name="file.encoding.pkg" value="sun.io"/>
    <property name="user.script" value=""/>
    <property name="user.country" value="KR"/>
    <property name="sun.java.launcher" value="SUN_STANDARD"/>
    <property name="sun.os.patch.level" value=""/>
    <property name="java.vm.specification.name" value="Java Virtual Machine Specification"/>
    <property name="user.dir" value="C:\Users\HyeonHo\Desktop\jsoup-master"/>
    <property name="java.runtime.version" value="1.8.0_131-b11"/>
    <property name="java.awt.graphicsenv" value="sun.awt.Win32GraphicsEnvironment"/>
    <property name="java.endorsed.dirs" value="C:\Program Files\Java\jdk1.8.0_131\jre\lib\endorsed"/>
    <property name="os.arch" value="amd64"/>
    <property name="java.io.tmpdir" value="C:\Users\HyeonHo\AppData\Local\Temp\"/>
    <property name="line.separator" value="
"/>
    <property name="java.vm.specification.vendor" value="Oracle Corporation"/>
    <property name="user.variant" value=""/>
    <property name="os.name" value="Windows 8.1"/>
    <property name="classworlds.conf" value="C:\Maven\apache-maven-3.6.0\bin\..\bin\m2.conf"/>
    <property name="sun.jnu.encoding" value="MS949"/>
    <property name="java.library.path" value="C:\Program Files\Java\jdk1.8.0_131\bin;C:\WINDOWS\Sun\Java\bin;C:\WINDOWS\system32;C:\WINDOWS;C:\ProgramData\Oracle\Java\javapath;C:\Program Files (x86)\Common Files\Oracle\Java\javapath;C:\Program Files\Python36\Scripts\;C:\Program Files\Python36\;C:\WINDOWS\system32;C:\WINDOWS;C:\WINDOWS\System32\Wbem;C:\WINDOWS\System32\WindowsPowerShell\v1.0\;C:\Users\HyeonHo\.dnx\bin;C:\Program Files\Microsoft DNX\Dnvm\;C:\Program Files\Microsoft SQL Server\130\Tools\Binn\;C:\Program Files (x86)\ATI Technologies\ATI.ACE\Core-Static;C:\Program Files\CMake\bin;D:\Program Files\rti_connext_dds-5.3.0\lib\java;D:\Program Files\rti_connext_dds-5.3.0\include;D:\Program Files\rti_connext_dds-5.3.0\lib\x64Win64VS2015;C:\Program Files (x86)\Windows Live\Shared;C:\ffmpeg\bin;C:\opencv\build\x64\vc14\bin;C:\Program Files\Python36\Lib\site-packages\numpy\core\include;C:\Program Files\TortoiseSVN\bin;C:\Users\HyeonHo\Desktop\blast\blast-2.7.1+\bin;C:\ProgramData\chocolatey\bin;C:\Gradle\gradle-5.2\bin;C:\Users\HyeonHo;C:\Program Files\Git\cmd;C:\Maven\apache-maven-3.6.0\bin;C:\Program Files\Java\jdk1.8.0_131/bin;C:\Users\HyeonHo\Desktop\blast\blast-2.7.1+\bin;C:\Program Files\Bandizip\;D:\Program Files\rti_connext_dds-5.3.0\lib\x64Win64VS2015;."/>
    <property name="maven.conf" value="C:\Maven\apache-maven-3.6.0\bin\../conf"/>
    <property name="java.specification.name" value="Java Platform API Specification"/>
    <property name="java.class.version" value="52.0"/>
    <property name="sun.management.compiler" value="HotSpot 64-Bit Tiered Compilers"/>
    <property name="os.version" value="6.3"/>
    <property name="library.jansi.path" value="C:\Maven\apache-maven-3.6.0\bin\..\lib\jansi-native"/>
    <property name="user.home" value="C:\Users\HyeonHo"/>
    <property name="user.timezone" value="Asia/Seoul"/>
    <property name="java.awt.printerjob" value="sun.awt.windows.WPrinterJob"/>
    <property name="java.specification.version" value="1.8"/>
    <property name="file.encoding" value="MS949"/>
    <property name="user.name" value="HyeonHo"/>
    <property name="java.class.path" value="C:\Maven\apache-maven-3.6.0\bin\..\boot\plexus-classworlds-2.5.2.jar"/>
    <property name="java.vm.specification.version" value="1.8"/>
    <property name="sun.arch.data.model" value="64"/>
    <property name="java.home" value="C:\Program Files\Java\jdk1.8.0_131\jre"/>
    <property name="sun.java.command" value="org.codehaus.plexus.classworlds.launcher.Launcher install"/>
    <property name="java.specification.vendor" value="Oracle Corporation"/>
    <property name="user.language" value="ko"/>
    <property name="awt.toolkit" value="sun.awt.windows.WToolkit"/>
    <property name="java.vm.info" value="mixed mode"/>
    <property name="java.version" value="1.8.0_131"/>
    <property name="java.ext.dirs" value="C:\Program Files\Java\jdk1.8.0_131\jre\lib\ext;C:\WINDOWS\Sun\Java\lib\ext"/>
    <property name="sun.boot.class.path" value="C:\Program Files\Java\jdk1.8.0_131\jre\lib\resources.jar;C:\Program Files\Java\jdk1.8.0_131\jre\lib\rt.jar;C:\Program Files\Java\jdk1.8.0_131\jre\lib\sunrsasign.jar;C:\Program Files\Java\jdk1.8.0_131\jre\lib\jsse.jar;C:\Program Files\Java\jdk1.8.0_131\jre\lib\jce.jar;C:\Program Files\Java\jdk1.8.0_131\jre\lib\charsets.jar;C:\Program Files\Java\jdk1.8.0_131\jre\lib\jfr.jar;C:\Program Files\Java\jdk1.8.0_131\jre\classes"/>
    <property name="sun.stderr.encoding" value="ms949"/>
    <property name="java.vendor" value="Oracle Corporation"/>
    <property name="maven.home" value="C:\Maven\apache-maven-3.6.0\bin\.."/>
    <property name="file.separator" value="\"/>
    <property name="java.vendor.url.bug" value="http://bugreport.sun.com/bugreport/"/>
    <property name="sun.cpu.endian" value="little"/>
    <property name="sun.io.unicode.encoding" value="UnicodeLittle"/>
    <property name="sun.stdout.encoding" value="ms949"/>
    <property name="sun.desktop" value="windows"/>
    <property name="sun.cpu.isalist" value="amd64"/>
  </properties>
  <testcase classname="org.jsoup.select.CssTest" name="nthLastOfType_advanced" time="0"/>
  <testcase classname="org.jsoup.select.CssTest" name="nthChild_advanced" time="0"/>
  <testcase classname="org.jsoup.select.CssTest" name="nthOfType_advanced" time="0.003"/>
  <testcase classname="org.jsoup.select.CssTest" name="nthOfType_simple" time="0.001"/>
  <testcase classname="org.jsoup.select.CssTest" name="firstOfType" time="0.002"/>
  <testcase classname="org.jsoup.select.CssTest" name="firstChild" time="0"/>
  <testcase classname="org.jsoup.select.CssTest" name="nthLastOfType_simple" time="0"/>
  <testcase classname="org.jsoup.select.CssTest" name="root" time="0.002"/>
  <testcase classname="org.jsoup.select.CssTest" name="onlyOfType" time="0.001"/>
  <testcase classname="org.jsoup.select.CssTest" name="nthLastChild_simple" time="0.002"/>
  <testcase classname="org.jsoup.select.CssTest" name="empty" time="0.001"/>
  <testcase classname="org.jsoup.select.CssTest" name="onlyChild" time="0.002"/>
  <testcase classname="org.jsoup.select.CssTest" name="nthChild_simple" time="0"/>
  <testcase classname="org.jsoup.select.CssTest" name="nthLastChild_advanced" time="0"/>
  <testcase classname="org.jsoup.select.CssTest" name="lastOfType" time="0.001"/>
  <testcase classname="org.jsoup.select.CssTest" name="lastChild" time="0"/>
  <testcase classname="org.jsoup.select.CssTest" name="nthOfType_unknownTag" time="0.001"/>
</testsuite>